<?xml version="1.0" encoding="UTF-8"?>
<!-- Generated by org.testng.reporters.JUnitReportReporter -->
<testsuite hostname="Malarvizhis-MacBook-Air.local" failures="0" tests="1" name="test.Sample" time="12.109" errors="0" timestamp="2022-01-19T08:52:21 PST" skipped="0">
  <testcase classname="test.Sample" name="sample" time="12.109"/>
  <system-out/>
</testsuite> <!-- test.Sample -->
